[DEBUG] Обновление уже было выполнено (пропущено): \phpbb\db\migration\data\v30x\local_url_bbcode
[DEBUG] Обновление уже было выполнено (пропущено): \phpbb\db\migration\data\v30x\release_3_0_0
[DEBUG] Обновление уже было выполнено (пропущено): \phpbb\db\migration\data\v30x\release_3_0_1
[DEBUG] Обновление уже было выполнено (пропущено): \phpbb\db\migration\data\v30x\release_3_0_10
[DEBUG] Обновление уже было выполнено (пропущено): \phpbb\db\migration\data\v30x\release_3_0_10_rc1
[DEBUG] Обновление уже было выполнено (пропущено): \phpbb\db\migration\data\v30x\release_3_0_10_rc2
[DEBUG] Обновление уже было выполнено (пропущено): \phpbb\db\migration\data\v30x\release_3_0_10_rc3
[DEBUG] Обновление уже было выполнено (пропущено): \phpbb\db\migration\data\v30x\release_3_0_11
[DEBUG] Обновление уже было выполнено (пропущено): \phpbb\db\migration\data\v30x\release_3_0_11_rc1
[DEBUG] Обновление уже было выполнено (пропущено): \phpbb\db\migration\data\v30x\release_3_0_11_rc2
[DEBUG] Обновление уже было выполнено (пропущено): \phpbb\db\migration\data\v30x\release_3_0_12
[DEBUG] Обновление уже было выполнено (пропущено): \phpbb\db\migration\data\v30x\release_3_0_12_rc1
[DEBUG] Обновление уже было выполнено (пропущено): \phpbb\db\migration\data\v30x\release_3_0_12_rc2
[DEBUG] Обновление уже было выполнено (пропущено): \phpbb\db\migration\data\v30x\release_3_0_12_rc3
[DEBUG] Обновление уже было выполнено (пропущено): \phpbb\db\migration\data\v30x\release_3_0_1_rc1
[DEBUG] Обновление уже было выполнено (пропущено): \phpbb\db\migration\data\v30x\release_3_0_2
[DEBUG] Обновление уже было выполнено (пропущено): \phpbb\db\migration\data\v30x\release_3_0_2_rc1
[DEBUG] Обновление уже было выполнено (пропущено): \phpbb\db\migration\data\v30x\release_3_0_2_rc2
[DEBUG] Обновление уже было выполнено (пропущено): \phpbb\db\migration\data\v30x\release_3_0_3
[DEBUG] Обновление уже было выполнено (пропущено): \phpbb\db\migration\data\v30x\release_3_0_3_rc1
[DEBUG] Обновление уже было выполнено (пропущено): \phpbb\db\migration\data\v30x\release_3_0_4
[DEBUG] Обновление уже было выполнено (пропущено): \phpbb\db\migration\data\v30x\release_3_0_4_rc1
[DEBUG] Обновление уже было выполнено (пропущено): \phpbb\db\migration\data\v30x\release_3_0_5
[DEBUG] Обновление уже было выполнено (пропущено): \phpbb\db\migration\data\v30x\release_3_0_5_rc1
[DEBUG] Обновление уже было выполнено (пропущено): \phpbb\db\migration\data\v30x\release_3_0_5_rc1part2
[DEBUG] Обновление уже было выполнено (пропущено): \phpbb\db\migration\data\v30x\release_3_0_6
[DEBUG] Обновление уже было выполнено (пропущено): \phpbb\db\migration\data\v30x\release_3_0_6_rc1
[DEBUG] Обновление уже было выполнено (пропущено): \phpbb\db\migration\data\v30x\release_3_0_6_rc2
[DEBUG] Обновление уже было выполнено (пропущено): \phpbb\db\migration\data\v30x\release_3_0_6_rc3
[DEBUG] Обновление уже было выполнено (пропущено): \phpbb\db\migration\data\v30x\release_3_0_6_rc4
[DEBUG] Обновление уже было выполнено (пропущено): \phpbb\db\migration\data\v30x\release_3_0_7
[DEBUG] Обновление уже было выполнено (пропущено): \phpbb\db\migration\data\v30x\release_3_0_7_pl1
[DEBUG] Обновление уже было выполнено (пропущено): \phpbb\db\migration\data\v30x\release_3_0_7_rc1
[DEBUG] Обновление уже было выполнено (пропущено): \phpbb\db\migration\data\v30x\release_3_0_7_rc2
[DEBUG] Обновление уже было выполнено (пропущено): \phpbb\db\migration\data\v30x\release_3_0_8
[DEBUG] Обновление уже было выполнено (пропущено): \phpbb\db\migration\data\v30x\release_3_0_8_rc1
[DEBUG] Обновление уже было выполнено (пропущено): \phpbb\db\migration\data\v30x\release_3_0_9
[DEBUG] Обновление уже было выполнено (пропущено): \phpbb\db\migration\data\v30x\release_3_0_9_rc1
[DEBUG] Обновление уже было выполнено (пропущено): \phpbb\db\migration\data\v30x\release_3_0_9_rc2
[DEBUG] Обновление уже было выполнено (пропущено): \phpbb\db\migration\data\v30x\release_3_0_9_rc3
[DEBUG] Обновление уже было выполнено (пропущено): \phpbb\db\migration\data\v30x\release_3_0_9_rc4
[DEBUG] Установка зависимостей обновления \phpbb\db\migration\data\v310\acp_prune_users_module.
[DEBUG] Установка зависимостей обновления \phpbb\db\migration\data\v310\beta1.
[DEBUG] Установка зависимостей обновления \phpbb\db\migration\data\v310\alpha3.
[DEBUG] Установка зависимостей обновления \phpbb\db\migration\data\v310\alpha2.
[DEBUG] Установка зависимостей обновления \phpbb\db\migration\data\v310\alpha1.
[DEBUG] Установка зависимостей обновления \phpbb\db\migration\data\v310\notification_options_reconvert.
[DEBUG] Добавление данных: \phpbb\db\migration\data\v310\notification_options_reconvert.
[INFO] Обновлены данные: \phpbb\db\migration\data\v310\notification_options_reconvert; Время: 0.17 секунд
[DEBUG] Обновление уже было выполнено (пропущено): \phpbb\db\migration\data\v30x\local_url_bbcode
[DEBUG] Обновление уже было выполнено (пропущено): \phpbb\db\migration\data\v30x\release_3_0_0
[DEBUG] Обновление уже было выполнено (пропущено): \phpbb\db\migration\data\v30x\release_3_0_1
[DEBUG] Обновление уже было выполнено (пропущено): \phpbb\db\migration\data\v30x\release_3_0_10
[DEBUG] Обновление уже было выполнено (пропущено): \phpbb\db\migration\data\v30x\release_3_0_10_rc1
[DEBUG] Обновление уже было выполнено (пропущено): \phpbb\db\migration\data\v30x\release_3_0_10_rc2
[DEBUG] Обновление уже было выполнено (пропущено): \phpbb\db\migration\data\v30x\release_3_0_10_rc3
[DEBUG] Обновление уже было выполнено (пропущено): \phpbb\db\migration\data\v30x\release_3_0_11
[DEBUG] Обновление уже было выполнено (пропущено): \phpbb\db\migration\data\v30x\release_3_0_11_rc1
[DEBUG] Обновление уже было выполнено (пропущено): \phpbb\db\migration\data\v30x\release_3_0_11_rc2
[DEBUG] Обновление уже было выполнено (пропущено): \phpbb\db\migration\data\v30x\release_3_0_12
[DEBUG] Обновление уже было выполнено (пропущено): \phpbb\db\migration\data\v30x\release_3_0_12_rc1
[DEBUG] Обновление уже было выполнено (пропущено): \phpbb\db\migration\data\v30x\release_3_0_12_rc2
[DEBUG] Обновление уже было выполнено (пропущено): \phpbb\db\migration\data\v30x\release_3_0_12_rc3
[DEBUG] Обновление уже было выполнено (пропущено): \phpbb\db\migration\data\v30x\release_3_0_1_rc1
[DEBUG] Обновление уже было выполнено (пропущено): \phpbb\db\migration\data\v30x\release_3_0_2
[DEBUG] Обновление уже было выполнено (пропущено): \phpbb\db\migration\data\v30x\release_3_0_2_rc1
[DEBUG] Обновление уже было выполнено (пропущено): \phpbb\db\migration\data\v30x\release_3_0_2_rc2
[DEBUG] Обновление уже было выполнено (пропущено): \phpbb\db\migration\data\v30x\release_3_0_3
[DEBUG] Обновление уже было выполнено (пропущено): \phpbb\db\migration\data\v30x\release_3_0_3_rc1
[DEBUG] Обновление уже было выполнено (пропущено): \phpbb\db\migration\data\v30x\release_3_0_4
[DEBUG] Обновление уже было выполнено (пропущено): \phpbb\db\migration\data\v30x\release_3_0_4_rc1
[DEBUG] Обновление уже было выполнено (пропущено): \phpbb\db\migration\data\v30x\release_3_0_5
[DEBUG] Обновление уже было выполнено (пропущено): \phpbb\db\migration\data\v30x\release_3_0_5_rc1
[DEBUG] Обновление уже было выполнено (пропущено): \phpbb\db\migration\data\v30x\release_3_0_5_rc1part2
[DEBUG] Обновление уже было выполнено (пропущено): \phpbb\db\migration\data\v30x\release_3_0_6
[DEBUG] Обновление уже было выполнено (пропущено): \phpbb\db\migration\data\v30x\release_3_0_6_rc1
[DEBUG] Обновление уже было выполнено (пропущено): \phpbb\db\migration\data\v30x\release_3_0_6_rc2
[DEBUG] Обновление уже было выполнено (пропущено): \phpbb\db\migration\data\v30x\release_3_0_6_rc3
[DEBUG] Обновление уже было выполнено (пропущено): \phpbb\db\migration\data\v30x\release_3_0_6_rc4
[DEBUG] Обновление уже было выполнено (пропущено): \phpbb\db\migration\data\v30x\release_3_0_7
[DEBUG] Обновление уже было выполнено (пропущено): \phpbb\db\migration\data\v30x\release_3_0_7_pl1
[DEBUG] Обновление уже было выполнено (пропущено): \phpbb\db\migration\data\v30x\release_3_0_7_rc1
[DEBUG] Обновление уже было выполнено (пропущено): \phpbb\db\migration\data\v30x\release_3_0_7_rc2
[DEBUG] Обновление уже было выполнено (пропущено): \phpbb\db\migration\data\v30x\release_3_0_8
[DEBUG] Обновление уже было выполнено (пропущено): \phpbb\db\migration\data\v30x\release_3_0_8_rc1
[DEBUG] Обновление уже было выполнено (пропущено): \phpbb\db\migration\data\v30x\release_3_0_9
[DEBUG] Обновление уже было выполнено (пропущено): \phpbb\db\migration\data\v30x\release_3_0_9_rc1
[DEBUG] Обновление уже было выполнено (пропущено): \phpbb\db\migration\data\v30x\release_3_0_9_rc2
[DEBUG] Обновление уже было выполнено (пропущено): \phpbb\db\migration\data\v30x\release_3_0_9_rc3
[DEBUG] Обновление уже было выполнено (пропущено): \phpbb\db\migration\data\v30x\release_3_0_9_rc4
[DEBUG] Установка зависимостей обновления \phpbb\db\migration\data\v310\acp_prune_users_module.
[DEBUG] Установка зависимостей обновления \phpbb\db\migration\data\v310\beta1.
[DEBUG] Установка зависимостей обновления \phpbb\db\migration\data\v310\alpha3.
[DEBUG] Установка зависимостей обновления \phpbb\db\migration\data\v310\alpha2.
[DEBUG] Установка зависимостей обновления \phpbb\db\migration\data\v310\alpha1.
[DEBUG] Установка зависимостей обновления \phpbb\db\migration\data\v310\notification_options_reconvert.
[DEBUG] Добавление данных: \phpbb\db\migration\data\v310\notification_options_reconvert.
[INFO] Обновлены данные: \phpbb\db\migration\data\v310\notification_options_reconvert; Время: 0.16 секунд
[DEBUG] Обновление уже было выполнено (пропущено): \phpbb\db\migration\data\v30x\local_url_bbcode
[DEBUG] Обновление уже было выполнено (пропущено): \phpbb\db\migration\data\v30x\release_3_0_0
[DEBUG] Обновление уже было выполнено (пропущено): \phpbb\db\migration\data\v30x\release_3_0_1
[DEBUG] Обновление уже было выполнено (пропущено): \phpbb\db\migration\data\v30x\release_3_0_10
[DEBUG] Обновление уже было выполнено (пропущено): \phpbb\db\migration\data\v30x\release_3_0_10_rc1
[DEBUG] Обновление уже было выполнено (пропущено): \phpbb\db\migration\data\v30x\release_3_0_10_rc2
[DEBUG] Обновление уже было выполнено (пропущено): \phpbb\db\migration\data\v30x\release_3_0_10_rc3
[DEBUG] Обновление уже было выполнено (пропущено): \phpbb\db\migration\data\v30x\release_3_0_11
[DEBUG] Обновление уже было выполнено (пропущено): \phpbb\db\migration\data\v30x\release_3_0_11_rc1
[DEBUG] Обновление уже было выполнено (пропущено): \phpbb\db\migration\data\v30x\release_3_0_11_rc2
[DEBUG] Обновление уже было выполнено (пропущено): \phpbb\db\migration\data\v30x\release_3_0_12
[DEBUG] Обновление уже было выполнено (пропущено): \phpbb\db\migration\data\v30x\release_3_0_12_rc1
[DEBUG] Обновление уже было выполнено (пропущено): \phpbb\db\migration\data\v30x\release_3_0_12_rc2
[DEBUG] Обновление уже было выполнено (пропущено): \phpbb\db\migration\data\v30x\release_3_0_12_rc3
[DEBUG] Обновление уже было выполнено (пропущено): \phpbb\db\migration\data\v30x\release_3_0_1_rc1
[DEBUG] Обновление уже было выполнено (пропущено): \phpbb\db\migration\data\v30x\release_3_0_2
[DEBUG] Обновление уже было выполнено (пропущено): \phpbb\db\migration\data\v30x\release_3_0_2_rc1
[DEBUG] Обновление уже было выполнено (пропущено): \phpbb\db\migration\data\v30x\release_3_0_2_rc2
[DEBUG] Обновление уже было выполнено (пропущено): \phpbb\db\migration\data\v30x\release_3_0_3
[DEBUG] Обновление уже было выполнено (пропущено): \phpbb\db\migration\data\v30x\release_3_0_3_rc1
[DEBUG] Обновление уже было выполнено (пропущено): \phpbb\db\migration\data\v30x\release_3_0_4
[DEBUG] Обновление уже было выполнено (пропущено): \phpbb\db\migration\data\v30x\release_3_0_4_rc1
[DEBUG] Обновление уже было выполнено (пропущено): \phpbb\db\migration\data\v30x\release_3_0_5
[DEBUG] Обновление уже было выполнено (пропущено): \phpbb\db\migration\data\v30x\release_3_0_5_rc1
[DEBUG] Обновление уже было выполнено (пропущено): \phpbb\db\migration\data\v30x\release_3_0_5_rc1part2
[DEBUG] Обновление уже было выполнено (пропущено): \phpbb\db\migration\data\v30x\release_3_0_6
[DEBUG] Обновление уже было выполнено (пропущено): \phpbb\db\migration\data\v30x\release_3_0_6_rc1
[DEBUG] Обновление уже было выполнено (пропущено): \phpbb\db\migration\data\v30x\release_3_0_6_rc2
[DEBUG] Обновление уже было выполнено (пропущено): \phpbb\db\migration\data\v30x\release_3_0_6_rc3
[DEBUG] Обновление уже было выполнено (пропущено): \phpbb\db\migration\data\v30x\release_3_0_6_rc4
[DEBUG] Обновление уже было выполнено (пропущено): \phpbb\db\migration\data\v30x\release_3_0_7
[DEBUG] Обновление уже было выполнено (пропущено): \phpbb\db\migration\data\v30x\release_3_0_7_pl1
[DEBUG] Обновление уже было выполнено (пропущено): \phpbb\db\migration\data\v30x\release_3_0_7_rc1
[DEBUG] Обновление уже было выполнено (пропущено): \phpbb\db\migration\data\v30x\release_3_0_7_rc2
[DEBUG] Обновление уже было выполнено (пропущено): \phpbb\db\migration\data\v30x\release_3_0_8
[DEBUG] Обновление уже было выполнено (пропущено): \phpbb\db\migration\data\v30x\release_3_0_8_rc1
[DEBUG] Обновление уже было выполнено (пропущено): \phpbb\db\migration\data\v30x\release_3_0_9
[DEBUG] Обновление уже было выполнено (пропущено): \phpbb\db\migration\data\v30x\release_3_0_9_rc1
[DEBUG] Обновление уже было выполнено (пропущено): \phpbb\db\migration\data\v30x\release_3_0_9_rc2
[DEBUG] Обновление уже было выполнено (пропущено): \phpbb\db\migration\data\v30x\release_3_0_9_rc3
[DEBUG] Обновление уже было выполнено (пропущено): \phpbb\db\migration\data\v30x\release_3_0_9_rc4
[DEBUG] Установка зависимостей обновления \phpbb\db\migration\data\v310\acp_prune_users_module.
[DEBUG] Установка зависимостей обновления \phpbb\db\migration\data\v310\beta1.
[DEBUG] Установка зависимостей обновления \phpbb\db\migration\data\v310\alpha3.
[DEBUG] Установка зависимостей обновления \phpbb\db\migration\data\v310\alpha2.
[DEBUG] Установка зависимостей обновления \phpbb\db\migration\data\v310\alpha1.
[DEBUG] Установка зависимостей обновления \phpbb\db\migration\data\v310\notification_options_reconvert.
[DEBUG] Добавление данных: \phpbb\db\migration\data\v310\notification_options_reconvert.
[INFO] Обновлены данные: \phpbb\db\migration\data\v310\notification_options_reconvert; Время: 0.09 секунд
[DEBUG] Обновление уже было выполнено (пропущено): \phpbb\db\migration\data\v30x\local_url_bbcode
[DEBUG] Обновление уже было выполнено (пропущено): \phpbb\db\migration\data\v30x\release_3_0_0
[DEBUG] Обновление уже было выполнено (пропущено): \phpbb\db\migration\data\v30x\release_3_0_1
[DEBUG] Обновление уже было выполнено (пропущено): \phpbb\db\migration\data\v30x\release_3_0_10
[DEBUG] Обновление уже было выполнено (пропущено): \phpbb\db\migration\data\v30x\release_3_0_10_rc1
[DEBUG] Обновление уже было выполнено (пропущено): \phpbb\db\migration\data\v30x\release_3_0_10_rc2
[DEBUG] Обновление уже было выполнено (пропущено): \phpbb\db\migration\data\v30x\release_3_0_10_rc3
[DEBUG] Обновление уже было выполнено (пропущено): \phpbb\db\migration\data\v30x\release_3_0_11
[DEBUG] Обновление уже было выполнено (пропущено): \phpbb\db\migration\data\v30x\release_3_0_11_rc1
[DEBUG] Обновление уже было выполнено (пропущено): \phpbb\db\migration\data\v30x\release_3_0_11_rc2
[DEBUG] Обновление уже было выполнено (пропущено): \phpbb\db\migration\data\v30x\release_3_0_12
[DEBUG] Обновление уже было выполнено (пропущено): \phpbb\db\migration\data\v30x\release_3_0_12_rc1
[DEBUG] Обновление уже было выполнено (пропущено): \phpbb\db\migration\data\v30x\release_3_0_12_rc2
[DEBUG] Обновление уже было выполнено (пропущено): \phpbb\db\migration\data\v30x\release_3_0_12_rc3
[DEBUG] Обновление уже было выполнено (пропущено): \phpbb\db\migration\data\v30x\release_3_0_1_rc1
[DEBUG] Обновление уже было выполнено (пропущено): \phpbb\db\migration\data\v30x\release_3_0_2
[DEBUG] Обновление уже было выполнено (пропущено): \phpbb\db\migration\data\v30x\release_3_0_2_rc1
[DEBUG] Обновление уже было выполнено (пропущено): \phpbb\db\migration\data\v30x\release_3_0_2_rc2
[DEBUG] Обновление уже было выполнено (пропущено): \phpbb\db\migration\data\v30x\release_3_0_3
[DEBUG] Обновление уже было выполнено (пропущено): \phpbb\db\migration\data\v30x\release_3_0_3_rc1
[DEBUG] Обновление уже было выполнено (пропущено): \phpbb\db\migration\data\v30x\release_3_0_4
[DEBUG] Обновление уже было выполнено (пропущено): \phpbb\db\migration\data\v30x\release_3_0_4_rc1
[DEBUG] Обновление уже было выполнено (пропущено): \phpbb\db\migration\data\v30x\release_3_0_5
[DEBUG] Обновление уже было выполнено (пропущено): \phpbb\db\migration\data\v30x\release_3_0_5_rc1
[DEBUG] Обновление уже было выполнено (пропущено): \phpbb\db\migration\data\v30x\release_3_0_5_rc1part2
[DEBUG] Обновление уже было выполнено (пропущено): \phpbb\db\migration\data\v30x\release_3_0_6
[DEBUG] Обновление уже было выполнено (пропущено): \phpbb\db\migration\data\v30x\release_3_0_6_rc1
[DEBUG] Обновление уже было выполнено (пропущено): \phpbb\db\migration\data\v30x\release_3_0_6_rc2
[DEBUG] Обновление уже было выполнено (пропущено): \phpbb\db\migration\data\v30x\release_3_0_6_rc3
[DEBUG] Обновление уже было выполнено (пропущено): \phpbb\db\migration\data\v30x\release_3_0_6_rc4
[DEBUG] Обновление уже было выполнено (пропущено): \phpbb\db\migration\data\v30x\release_3_0_7
[DEBUG] Обновление уже было выполнено (пропущено): \phpbb\db\migration\data\v30x\release_3_0_7_pl1
[DEBUG] Обновление уже было выполнено (пропущено): \phpbb\db\migration\data\v30x\release_3_0_7_rc1
[DEBUG] Обновление уже было выполнено (пропущено): \phpbb\db\migration\data\v30x\release_3_0_7_rc2
[DEBUG] Обновление уже было выполнено (пропущено): \phpbb\db\migration\data\v30x\release_3_0_8
[DEBUG] Обновление уже было выполнено (пропущено): \phpbb\db\migration\data\v30x\release_3_0_8_rc1
[DEBUG] Обновление уже было выполнено (пропущено): \phpbb\db\migration\data\v30x\release_3_0_9
[DEBUG] Обновление уже было выполнено (пропущено): \phpbb\db\migration\data\v30x\release_3_0_9_rc1
[DEBUG] Обновление уже было выполнено (пропущено): \phpbb\db\migration\data\v30x\release_3_0_9_rc2
[DEBUG] Обновление уже было выполнено (пропущено): \phpbb\db\migration\data\v30x\release_3_0_9_rc3
[DEBUG] Обновление уже было выполнено (пропущено): \phpbb\db\migration\data\v30x\release_3_0_9_rc4
[DEBUG] Установка зависимостей обновления \phpbb\db\migration\data\v310\acp_prune_users_module.
[DEBUG] Установка зависимостей обновления \phpbb\db\migration\data\v310\beta1.
[DEBUG] Установка зависимостей обновления \phpbb\db\migration\data\v310\alpha3.
[DEBUG] Установка зависимостей обновления \phpbb\db\migration\data\v310\alpha2.
[DEBUG] Установка зависимостей обновления \phpbb\db\migration\data\v310\alpha1.
[DEBUG] Установка зависимостей обновления \phpbb\db\migration\data\v310\plupload.
[DEBUG] Обновление схемы: \phpbb\db\migration\data\v310\plupload.
[INFO] Обновлена схема: \phpbb\db\migration\data\v310\plupload; Время: 0.00 секунд
[DEBUG] Обновление уже было выполнено (пропущено): \phpbb\db\migration\data\v30x\local_url_bbcode
[DEBUG] Обновление уже было выполнено (пропущено): \phpbb\db\migration\data\v30x\release_3_0_0
[DEBUG] Обновление уже было выполнено (пропущено): \phpbb\db\migration\data\v30x\release_3_0_1
[DEBUG] Обновление уже было выполнено (пропущено): \phpbb\db\migration\data\v30x\release_3_0_10
[DEBUG] Обновление уже было выполнено (пропущено): \phpbb\db\migration\data\v30x\release_3_0_10_rc1
[DEBUG] Обновление уже было выполнено (пропущено): \phpbb\db\migration\data\v30x\release_3_0_10_rc2
[DEBUG] Обновление уже было выполнено (пропущено): \phpbb\db\migration\data\v30x\release_3_0_10_rc3
[DEBUG] Обновление уже было выполнено (пропущено): \phpbb\db\migration\data\v30x\release_3_0_11
[DEBUG] Обновление уже было выполнено (пропущено): \phpbb\db\migration\data\v30x\release_3_0_11_rc1
[DEBUG] Обновление уже было выполнено (пропущено): \phpbb\db\migration\data\v30x\release_3_0_11_rc2
[DEBUG] Обновление уже было выполнено (пропущено): \phpbb\db\migration\data\v30x\release_3_0_12
[DEBUG] Обновление уже было выполнено (пропущено): \phpbb\db\migration\data\v30x\release_3_0_12_rc1
[DEBUG] Обновление уже было выполнено (пропущено): \phpbb\db\migration\data\v30x\release_3_0_12_rc2
[DEBUG] Обновление уже было выполнено (пропущено): \phpbb\db\migration\data\v30x\release_3_0_12_rc3
[DEBUG] Обновление уже было выполнено (пропущено): \phpbb\db\migration\data\v30x\release_3_0_1_rc1
[DEBUG] Обновление уже было выполнено (пропущено): \phpbb\db\migration\data\v30x\release_3_0_2
[DEBUG] Обновление уже было выполнено (пропущено): \phpbb\db\migration\data\v30x\release_3_0_2_rc1
[DEBUG] Обновление уже было выполнено (пропущено): \phpbb\db\migration\data\v30x\release_3_0_2_rc2
[DEBUG] Обновление уже было выполнено (пропущено): \phpbb\db\migration\data\v30x\release_3_0_3
[DEBUG] Обновление уже было выполнено (пропущено): \phpbb\db\migration\data\v30x\release_3_0_3_rc1
[DEBUG] Обновление уже было выполнено (пропущено): \phpbb\db\migration\data\v30x\release_3_0_4
[DEBUG] Обновление уже было выполнено (пропущено): \phpbb\db\migration\data\v30x\release_3_0_4_rc1
[DEBUG] Обновление уже было выполнено (пропущено): \phpbb\db\migration\data\v30x\release_3_0_5
[DEBUG] Обновление уже было выполнено (пропущено): \phpbb\db\migration\data\v30x\release_3_0_5_rc1
[DEBUG] Обновление уже было выполнено (пропущено): \phpbb\db\migration\data\v30x\release_3_0_5_rc1part2
[DEBUG] Обновление уже было выполнено (пропущено): \phpbb\db\migration\data\v30x\release_3_0_6
[DEBUG] Обновление уже было выполнено (пропущено): \phpbb\db\migration\data\v30x\release_3_0_6_rc1
[DEBUG] Обновление уже было выполнено (пропущено): \phpbb\db\migration\data\v30x\release_3_0_6_rc2
[DEBUG] Обновление уже было выполнено (пропущено): \phpbb\db\migration\data\v30x\release_3_0_6_rc3
[DEBUG] Обновление уже было выполнено (пропущено): \phpbb\db\migration\data\v30x\release_3_0_6_rc4
[DEBUG] Обновление уже было выполнено (пропущено): \phpbb\db\migration\data\v30x\release_3_0_7
[DEBUG] Обновление уже было выполнено (пропущено): \phpbb\db\migration\data\v30x\release_3_0_7_pl1
[DEBUG] Обновление уже было выполнено (пропущено): \phpbb\db\migration\data\v30x\release_3_0_7_rc1
[DEBUG] Обновление уже было выполнено (пропущено): \phpbb\db\migration\data\v30x\release_3_0_7_rc2
[DEBUG] Обновление уже было выполнено (пропущено): \phpbb\db\migration\data\v30x\release_3_0_8
[DEBUG] Обновление уже было выполнено (пропущено): \phpbb\db\migration\data\v30x\release_3_0_8_rc1
[DEBUG] Обновление уже было выполнено (пропущено): \phpbb\db\migration\data\v30x\release_3_0_9
[DEBUG] Обновление уже было выполнено (пропущено): \phpbb\db\migration\data\v30x\release_3_0_9_rc1
[DEBUG] Обновление уже было выполнено (пропущено): \phpbb\db\migration\data\v30x\release_3_0_9_rc2
[DEBUG] Обновление уже было выполнено (пропущено): \phpbb\db\migration\data\v30x\release_3_0_9_rc3
[DEBUG] Обновление уже было выполнено (пропущено): \phpbb\db\migration\data\v30x\release_3_0_9_rc4
[DEBUG] Установка зависимостей обновления \phpbb\db\migration\data\v310\acp_prune_users_module.
[DEBUG] Установка зависимостей обновления \phpbb\db\migration\data\v310\beta1.
[DEBUG] Установка зависимостей обновления \phpbb\db\migration\data\v310\alpha3.
[DEBUG] Установка зависимостей обновления \phpbb\db\migration\data\v310\alpha2.
[DEBUG] Установка зависимостей обновления \phpbb\db\migration\data\v310\alpha1.
[DEBUG] Установка зависимостей обновления \phpbb\db\migration\data\v310\plupload.
[DEBUG] Добавление данных: \phpbb\db\migration\data\v310\plupload.
[INFO] Обновлены данные: \phpbb\db\migration\data\v310\plupload; Время: 0.01 секунд
[DEBUG] Обновление уже было выполнено (пропущено): \phpbb\db\migration\data\v30x\local_url_bbcode
[DEBUG] Обновление уже было выполнено (пропущено): \phpbb\db\migration\data\v30x\release_3_0_0
[DEBUG] Обновление уже было выполнено (пропущено): \phpbb\db\migration\data\v30x\release_3_0_1
[DEBUG] Обновление уже было выполнено (пропущено): \phpbb\db\migration\data\v30x\release_3_0_10
[DEBUG] Обновление уже было выполнено (пропущено): \phpbb\db\migration\data\v30x\release_3_0_10_rc1
[DEBUG] Обновление уже было выполнено (пропущено): \phpbb\db\migration\data\v30x\release_3_0_10_rc2
[DEBUG] Обновление уже было выполнено (пропущено): \phpbb\db\migration\data\v30x\release_3_0_10_rc3
[DEBUG] Обновление уже было выполнено (пропущено): \phpbb\db\migration\data\v30x\release_3_0_11
[DEBUG] Обновление уже было выполнено (пропущено): \phpbb\db\migration\data\v30x\release_3_0_11_rc1
[DEBUG] Обновление уже было выполнено (пропущено): \phpbb\db\migration\data\v30x\release_3_0_11_rc2
[DEBUG] Обновление уже было выполнено (пропущено): \phpbb\db\migration\data\v30x\release_3_0_12
[DEBUG] Обновление уже было выполнено (пропущено): \phpbb\db\migration\data\v30x\release_3_0_12_rc1
[DEBUG] Обновление уже было выполнено (пропущено): \phpbb\db\migration\data\v30x\release_3_0_12_rc2
[DEBUG] Обновление уже было выполнено (пропущено): \phpbb\db\migration\data\v30x\release_3_0_12_rc3
[DEBUG] Обновление уже было выполнено (пропущено): \phpbb\db\migration\data\v30x\release_3_0_1_rc1
[DEBUG] Обновление уже было выполнено (пропущено): \phpbb\db\migration\data\v30x\release_3_0_2
[DEBUG] Обновление уже было выполнено (пропущено): \phpbb\db\migration\data\v30x\release_3_0_2_rc1
[DEBUG] Обновление уже было выполнено (пропущено): \phpbb\db\migration\data\v30x\release_3_0_2_rc2
[DEBUG] Обновление уже было выполнено (пропущено): \phpbb\db\migration\data\v30x\release_3_0_3
[DEBUG] Обновление уже было выполнено (пропущено): \phpbb\db\migration\data\v30x\release_3_0_3_rc1
[DEBUG] Обновление уже было выполнено (пропущено): \phpbb\db\migration\data\v30x\release_3_0_4
[DEBUG] Обновление уже было выполнено (пропущено): \phpbb\db\migration\data\v30x\release_3_0_4_rc1
[DEBUG] Обновление уже было выполнено (пропущено): \phpbb\db\migration\data\v30x\release_3_0_5
[DEBUG] Обновление уже было выполнено (пропущено): \phpbb\db\migration\data\v30x\release_3_0_5_rc1
[DEBUG] Обновление уже было выполнено (пропущено): \phpbb\db\migration\data\v30x\release_3_0_5_rc1part2
[DEBUG] Обновление уже было выполнено (пропущено): \phpbb\db\migration\data\v30x\release_3_0_6
[DEBUG] Обновление уже было выполнено (пропущено): \phpbb\db\migration\data\v30x\release_3_0_6_rc1
[DEBUG] Обновление уже было выполнено (пропущено): \phpbb\db\migration\data\v30x\release_3_0_6_rc2
[DEBUG] Обновление уже было выполнено (пропущено): \phpbb\db\migration\data\v30x\release_3_0_6_rc3
[DEBUG] Обновление уже было выполнено (пропущено): \phpbb\db\migration\data\v30x\release_3_0_6_rc4
[DEBUG] Обновление уже было выполнено (пропущено): \phpbb\db\migration\data\v30x\release_3_0_7
[DEBUG] Обновление уже было выполнено (пропущено): \phpbb\db\migration\data\v30x\release_3_0_7_pl1
[DEBUG] Обновление уже было выполнено (пропущено): \phpbb\db\migration\data\v30x\release_3_0_7_rc1
[DEBUG] Обновление уже было выполнено (пропущено): \phpbb\db\migration\data\v30x\release_3_0_7_rc2
[DEBUG] Обновление уже было выполнено (пропущено): \phpbb\db\migration\data\v30x\release_3_0_8
[DEBUG] Обновление уже было выполнено (пропущено): \phpbb\db\migration\data\v30x\release_3_0_8_rc1
[DEBUG] Обновление уже было выполнено (пропущено): \phpbb\db\migration\data\v30x\release_3_0_9
[DEBUG] Обновление уже было выполнено (пропущено): \phpbb\db\migration\data\v30x\release_3_0_9_rc1
[DEBUG] Обновление уже было выполнено (пропущено): \phpbb\db\migration\data\v30x\release_3_0_9_rc2
[DEBUG] Обновление уже было выполнено (пропущено): \phpbb\db\migration\data\v30x\release_3_0_9_rc3
[DEBUG] Обновление уже было выполнено (пропущено): \phpbb\db\migration\data\v30x\release_3_0_9_rc4
[DEBUG] Установка зависимостей обновления \phpbb\db\migration\data\v310\acp_prune_users_module.
[DEBUG] Установка зависимостей обновления \phpbb\db\migration\data\v310\beta1.
[DEBUG] Установка зависимостей обновления \phpbb\db\migration\data\v310\alpha3.
[DEBUG] Установка зависимостей обновления \phpbb\db\migration\data\v310\alpha2.
[DEBUG] Установка зависимостей обновления \phpbb\db\migration\data\v310\alpha1.
[DEBUG] Установка зависимостей обновления \phpbb\db\migration\data\v310\signature_module_auth.
[DEBUG] Обновление уже было выполнено (пропущено): \phpbb\db\migration\data\v310\signature_module_auth
[DEBUG] Обновление уже было выполнено (пропущено): \phpbb\db\migration\data\v30x\local_url_bbcode
[DEBUG] Обновление уже было выполнено (пропущено): \phpbb\db\migration\data\v30x\release_3_0_0
[DEBUG] Обновление уже было выполнено (пропущено): \phpbb\db\migration\data\v30x\release_3_0_1
[DEBUG] Обновление уже было выполнено (пропущено): \phpbb\db\migration\data\v30x\release_3_0_10
[DEBUG] Обновление уже было выполнено (пропущено): \phpbb\db\migration\data\v30x\release_3_0_10_rc1
[DEBUG] Обновление уже было выполнено (пропущено): \phpbb\db\migration\data\v30x\release_3_0_10_rc2
[DEBUG] Обновление уже было выполнено (пропущено): \phpbb\db\migration\data\v30x\release_3_0_10_rc3
[DEBUG] Обновление уже было выполнено (пропущено): \phpbb\db\migration\data\v30x\release_3_0_11
[DEBUG] Обновление уже было выполнено (пропущено): \phpbb\db\migration\data\v30x\release_3_0_11_rc1
[DEBUG] Обновление уже было выполнено (пропущено): \phpbb\db\migration\data\v30x\release_3_0_11_rc2
[DEBUG] Обновление уже было выполнено (пропущено): \phpbb\db\migration\data\v30x\release_3_0_12
[DEBUG] Обновление уже было выполнено (пропущено): \phpbb\db\migration\data\v30x\release_3_0_12_rc1
[DEBUG] Обновление уже было выполнено (пропущено): \phpbb\db\migration\data\v30x\release_3_0_12_rc2
[DEBUG] Обновление уже было выполнено (пропущено): \phpbb\db\migration\data\v30x\release_3_0_12_rc3
[DEBUG] Обновление уже было выполнено (пропущено): \phpbb\db\migration\data\v30x\release_3_0_1_rc1
[DEBUG] Обновление уже было выполнено (пропущено): \phpbb\db\migration\data\v30x\release_3_0_2
[DEBUG] Обновление уже было выполнено (пропущено): \phpbb\db\migration\data\v30x\release_3_0_2_rc1
[DEBUG] Обновление уже было выполнено (пропущено): \phpbb\db\migration\data\v30x\release_3_0_2_rc2
[DEBUG] Обновление уже было выполнено (пропущено): \phpbb\db\migration\data\v30x\release_3_0_3
[DEBUG] Обновление уже было выполнено (пропущено): \phpbb\db\migration\data\v30x\release_3_0_3_rc1
[DEBUG] Обновление уже было выполнено (пропущено): \phpbb\db\migration\data\v30x\release_3_0_4
[DEBUG] Обновление уже было выполнено (пропущено): \phpbb\db\migration\data\v30x\release_3_0_4_rc1
[DEBUG] Обновление уже было выполнено (пропущено): \phpbb\db\migration\data\v30x\release_3_0_5
[DEBUG] Обновление уже было выполнено (пропущено): \phpbb\db\migration\data\v30x\release_3_0_5_rc1
[DEBUG] Обновление уже было выполнено (пропущено): \phpbb\db\migration\data\v30x\release_3_0_5_rc1part2
[DEBUG] Обновление уже было выполнено (пропущено): \phpbb\db\migration\data\v30x\release_3_0_6
[DEBUG] Обновление уже было выполнено (пропущено): \phpbb\db\migration\data\v30x\release_3_0_6_rc1
[DEBUG] Обновление уже было выполнено (пропущено): \phpbb\db\migration\data\v30x\release_3_0_6_rc2
[DEBUG] Обновление уже было выполнено (пропущено): \phpbb\db\migration\data\v30x\release_3_0_6_rc3
[DEBUG] Обновление уже было выполнено (пропущено): \phpbb\db\migration\data\v30x\release_3_0_6_rc4
[DEBUG] Обновление уже было выполнено (пропущено): \phpbb\db\migration\data\v30x\release_3_0_7
[DEBUG] Обновление уже было выполнено (пропущено): \phpbb\db\migration\data\v30x\release_3_0_7_pl1
[DEBUG] Обновление уже было выполнено (пропущено): \phpbb\db\migration\data\v30x\release_3_0_7_rc1
[DEBUG] Обновление уже было выполнено (пропущено): \phpbb\db\migration\data\v30x\release_3_0_7_rc2
[DEBUG] Обновление уже было выполнено (пропущено): \phpbb\db\migration\data\v30x\release_3_0_8
[DEBUG] Обновление уже было выполнено (пропущено): \phpbb\db\migration\data\v30x\release_3_0_8_rc1
[DEBUG] Обновление уже было выполнено (пропущено): \phpbb\db\migration\data\v30x\release_3_0_9
[DEBUG] Обновление уже было выполнено (пропущено): \phpbb\db\migration\data\v30x\release_3_0_9_rc1
[DEBUG] Обновление уже было выполнено (пропущено): \phpbb\db\migration\data\v30x\release_3_0_9_rc2
[DEBUG] Обновление уже было выполнено (пропущено): \phpbb\db\migration\data\v30x\release_3_0_9_rc3
[DEBUG] Обновление уже было выполнено (пропущено): \phpbb\db\migration\data\v30x\release_3_0_9_rc4
[DEBUG] Установка зависимостей обновления \phpbb\db\migration\data\v310\acp_prune_users_module.
[DEBUG] Установка зависимостей обновления \phpbb\db\migration\data\v310\beta1.
[DEBUG] Установка зависимостей обновления \phpbb\db\migration\data\v310\alpha3.
[DEBUG] Установка зависимостей обновления \phpbb\db\migration\data\v310\alpha2.
[DEBUG] Установка зависимостей обновления \phpbb\db\migration\data\v310\alpha1.
[DEBUG] Установка зависимостей обновления \phpbb\db\migration\data\v310\softdelete_mcp_modules.
[DEBUG] Установка зависимостей обновления \phpbb\db\migration\data\v310\softdelete_p2.
[DEBUG] Установка зависимостей обновления \phpbb\db\migration\data\v310\softdelete_p1.
[DEBUG] Обновление схемы: \phpbb\db\migration\data\v310\softdelete_p1.
[INFO] Обновлена схема: \phpbb\db\migration\data\v310\softdelete_p1; Время: 19.76 секунд
